<?xml version="1.0" encoding="UTF-8"?>
<!-- Generated by org.testng.reporters.JUnitXMLReporter -->
<testsuite ignored="0" hostname="LAPTOP-AVB2L64G" failures="0" tests="10" name="Default test" time="0.211" errors="0" timestamp="2023-12-29T21:41:40 IST">
  <testcase classname="Perfomanceexperts.testng.AnnotationsEg" name="afterclassmethod" time="0.01"/>
  <testcase classname="Perfomanceexperts.testng.AnnotationsEg" name="aftermethod" time="0.003"/>
  <testcase classname="Perfomanceexperts.testng.AnnotationsEg" name="aftersuitemethod" time="0.001"/>
  <testcase classname="Perfomanceexperts.testng.AnnotationsEg" name="aftertestmethod" time="0.003"/>
  <testcase classname="Perfomanceexperts.testng.AnnotationsEg" name="beforeclassmethod" time="0.005"/>
  <testcase classname="Perfomanceexperts.testng.AnnotationsEg" name="beforemethod" time="0.005"/>
  <testcase classname="Perfomanceexperts.testng.AnnotationsEg" name="beforesuitemethod" time="0.002"/>
  <testcase classname="Perfomanceexperts.testng.AnnotationsEg" name="beforetestmethod" time="0.002"/>
  <testcase classname="Perfomanceexperts.testng.AnnotationsEg" name="testcase1" time="0.004"/>
  <testcase classname="Perfomanceexperts.testng.AnnotationsEg" name="testcase2" time="0.003"/>
</testsuite> <!-- Default test -->
