<?xml version="1.0" encoding="UTF-8"?>
<testng-results ignored="0" total="6" passed="5" failed="1" skipped="0">
  <reporter-output>
  </reporter-output>
  <suite started-at="2023-12-29T22:24:27 IST" name="Suite1" finished-at="2023-12-29T22:25:05 IST" duration-ms="37775">
    <groups>
      <group name="Sanity">
        <method signature="PriortyTests.gettext()[pri:0, instance:Perfomanceexperts.testng.PriortyTests@7ce3cb8e]" name="gettext" class="Perfomanceexperts.testng.PriortyTests"/>
      </group> <!-- Sanity -->
      <group name="Regression">
        <method signature="PriortyTests.browsercommands()[pri:0, instance:Perfomanceexperts.testng.PriortyTests@7ce3cb8e]" name="browsercommands" class="Perfomanceexperts.testng.PriortyTests"/>
      </group> <!-- Regression -->
      <group name="Smoke">
        <method signature="PriortyTests.invokebrowser()[pri:0, instance:Perfomanceexperts.testng.PriortyTests@7ce3cb8e]" name="invokebrowser" class="Perfomanceexperts.testng.PriortyTests"/>
      </group> <!-- Smoke -->
    </groups>
    <test started-at="2023-12-29T22:24:27 IST" name="sprint testcases " finished-at="2023-12-29T22:25:05 IST" duration-ms="37775">
      <class name="Perfomanceexperts.testng.Parameterizationeg">
        <test-method signature="paramterizedmethod(java.lang.String)[pri:0, instance:Perfomanceexperts.testng.Parameterizationeg@10e92f8f]" started-at="2023-12-29T22:24:27 IST" name="paramterizedmethod" finished-at="2023-12-29T22:24:27 IST" duration-ms="8" status="PASS">
          <params>
            <param index="0">
              <value>
                <![CDATA[firefox]]>
              </value>
            </param>
          </params>
          <reporter-output>
          </reporter-output>
        </test-method> <!-- paramterizedmethod -->
      </class> <!-- Perfomanceexperts.testng.Parameterizationeg -->
      <class name="Perfomanceexperts.testng.PriortyTests">
        <test-method signature="browsercommands()[pri:0, instance:Perfomanceexperts.testng.PriortyTests@7ce3cb8e]" started-at="2023-12-29T22:24:27 IST" name="browsercommands" finished-at="2023-12-29T22:24:47 IST" duration-ms="20470" status="FAIL">
          <exception class="org.openqa.selenium.WebDriverException">
            <message>
              <![CDATA[unknown error: net::ERR_NAME_NOT_RESOLVED
  (Session info: chrome=120.0.6099.130)
Build info: version: '4.10.0', revision: 'c14d967899'
System info: os.name: 'Windows 11', os.arch: 'amd64', os.version: '10.0', java.version: '17.0.9'
Driver info: org.openqa.selenium.chrome.ChromeDriver
Command: [89b2008d9558f050b2c2a4aff871185f, get {url=https://www.}]
Capabilities {acceptInsecureCerts: false, browserName: chrome, browserVersion: 120.0.6099.130, chrome: {chromedriverVersion: 119.0.6045.105 (38c72552c5e..., userDataDir: C:\Users\HARSHA~1\AppData\L...}, fedcm:accounts: true, goog:chromeOptions: {debuggerAddress: localhost:64509}, networkConnectionEnabled: false, pageLoadStrategy: normal, platformName: windows, proxy: Proxy(), se:cdp: ws://localhost:64509/devtoo..., se:cdpVersion: 120.0.6099.130, setWindowRect: true, strictFileInteractability: false, timeouts: {implicit: 0, pageLoad: 300000, script: 30000}, unhandledPromptBehavior: dismiss and notify, webauthn:extension:credBlob: true, webauthn:extension:largeBlob: true, webauthn:extension:minPinLength: true, webauthn:extension:prf: true, webauthn:virtualAuthenticators: true}
Session ID: 89b2008d9558f050b2c2a4aff871185f]]>
            </message>
            <full-stacktrace>
              <![CDATA[org.openqa.selenium.WebDriverException: unknown error: net::ERR_NAME_NOT_RESOLVED
  (Session info: chrome=120.0.6099.130)
Build info: version: '4.10.0', revision: 'c14d967899'
System info: os.name: 'Windows 11', os.arch: 'amd64', os.version: '10.0', java.version: '17.0.9'
Driver info: org.openqa.selenium.chrome.ChromeDriver
Command: [89b2008d9558f050b2c2a4aff871185f, get {url=https://www.}]
Capabilities {acceptInsecureCerts: false, browserName: chrome, browserVersion: 120.0.6099.130, chrome: {chromedriverVersion: 119.0.6045.105 (38c72552c5e..., userDataDir: C:\Users\HARSHA~1\AppData\L...}, fedcm:accounts: true, goog:chromeOptions: {debuggerAddress: localhost:64509}, networkConnectionEnabled: false, pageLoadStrategy: normal, platformName: windows, proxy: Proxy(), se:cdp: ws://localhost:64509/devtoo..., se:cdpVersion: 120.0.6099.130, setWindowRect: true, strictFileInteractability: false, timeouts: {implicit: 0, pageLoad: 300000, script: 30000}, unhandledPromptBehavior: dismiss and notify, webauthn:extension:credBlob: true, webauthn:extension:largeBlob: true, webauthn:extension:minPinLength: true, webauthn:extension:prf: true, webauthn:virtualAuthenticators: true}
Session ID: 89b2008d9558f050b2c2a4aff871185f
at java.base/jdk.internal.reflect.NativeConstructorAccessorImpl.newInstance0(Native Method)
at java.base/jdk.internal.reflect.NativeConstructorAccessorImpl.newInstance(NativeConstructorAccessorImpl.java:77)
at java.base/jdk.internal.reflect.DelegatingConstructorAccessorImpl.newInstance(DelegatingConstructorAccessorImpl.java:45)
at java.base/java.lang.reflect.Constructor.newInstanceWithCaller(Constructor.java:499)
at java.base/java.lang.reflect.Constructor.newInstance(Constructor.java:480)
at org.openqa.selenium.remote.codec.w3c.W3CHttpResponseCodec.createException(W3CHttpResponseCodec.java:199)
at org.openqa.selenium.remote.codec.w3c.W3CHttpResponseCodec.decode(W3CHttpResponseCodec.java:132)
at org.openqa.selenium.remote.codec.w3c.W3CHttpResponseCodec.decode(W3CHttpResponseCodec.java:51)
at org.openqa.selenium.remote.HttpCommandExecutor.execute(HttpCommandExecutor.java:191)
at org.openqa.selenium.remote.service.DriverCommandExecutor.invokeExecute(DriverCommandExecutor.java:196)
at org.openqa.selenium.remote.service.DriverCommandExecutor.execute(DriverCommandExecutor.java:171)
at org.openqa.selenium.remote.RemoteWebDriver.execute(RemoteWebDriver.java:531)
at org.openqa.selenium.remote.RemoteWebDriver.get(RemoteWebDriver.java:295)
at Perfomanceexperts.testng.PriortyTests.browsercommands(PriortyTests.java:35)
at java.base/jdk.internal.reflect.NativeMethodAccessorImpl.invoke0(Native Method)
at java.base/jdk.internal.reflect.NativeMethodAccessorImpl.invoke(NativeMethodAccessorImpl.java:77)
at java.base/jdk.internal.reflect.DelegatingMethodAccessorImpl.invoke(DelegatingMethodAccessorImpl.java:43)
at java.base/java.lang.reflect.Method.invoke(Method.java:568)
at org.testng.internal.invokers.MethodInvocationHelper.invokeMethod(MethodInvocationHelper.java:139)
at org.testng.internal.invokers.TestInvoker.invokeMethod(TestInvoker.java:677)
at org.testng.internal.invokers.TestInvoker.invokeTestMethod(TestInvoker.java:221)
at org.testng.internal.invokers.MethodRunner.runInSequence(MethodRunner.java:50)
at org.testng.internal.invokers.TestInvoker$MethodInvocationAgent.invoke(TestInvoker.java:962)
at org.testng.internal.invokers.TestInvoker.invokeTestMethods(TestInvoker.java:194)
at org.testng.internal.invokers.TestMethodWorker.invokeTestMethods(TestMethodWorker.java:148)
at org.testng.internal.invokers.TestMethodWorker.run(TestMethodWorker.java:128)
at java.base/java.util.concurrent.ThreadPoolExecutor.runWorker(ThreadPoolExecutor.java:1136)
at java.base/java.util.concurrent.ThreadPoolExecutor$Worker.run(ThreadPoolExecutor.java:635)
at java.base/java.lang.Thread.run(Thread.java:842)
]]>
            </full-stacktrace>
          </exception> <!-- org.openqa.selenium.WebDriverException -->
          <reporter-output>
          </reporter-output>
        </test-method> <!-- browsercommands -->
        <test-method signature="gettext()[pri:0, instance:Perfomanceexperts.testng.PriortyTests@7ce3cb8e]" started-at="2023-12-29T22:24:47 IST" name="gettext" finished-at="2023-12-29T22:25:00 IST" duration-ms="12835" status="PASS">
          <reporter-output>
          </reporter-output>
        </test-method> <!-- gettext -->
        <test-method signature="invokebrowser()[pri:0, instance:Perfomanceexperts.testng.PriortyTests@7ce3cb8e]" started-at="2023-12-29T22:25:00 IST" name="invokebrowser" finished-at="2023-12-29T22:25:05 IST" duration-ms="4318" status="PASS">
          <reporter-output>
          </reporter-output>
        </test-method> <!-- invokebrowser -->
      </class> <!-- Perfomanceexperts.testng.PriortyTests -->
      <class name="Perfomanceexperts.testng.DependsOnMethods">
        <test-method signature="login()[pri:0, instance:Perfomanceexperts.testng.DependsOnMethods@3aefe5e5]" started-at="2023-12-29T22:24:27 IST" name="login" finished-at="2023-12-29T22:24:27 IST" duration-ms="8" status="PASS">
          <reporter-output>
          </reporter-output>
        </test-method> <!-- login -->
        <test-method signature="AddToCart()[pri:0, instance:Perfomanceexperts.testng.DependsOnMethods@3aefe5e5]" started-at="2023-12-29T22:24:27 IST" name="AddToCart" finished-at="2023-12-29T22:24:27 IST" depends-on-methods="Perfomanceexperts.testng.DependsOnMethods.login" duration-ms="1" status="PASS">
          <reporter-output>
          </reporter-output>
        </test-method> <!-- AddToCart -->
      </class> <!-- Perfomanceexperts.testng.DependsOnMethods -->
    </test> <!-- sprint testcases  -->
  </suite> <!-- Suite1 -->
</testng-results>
